Logging from pod postgres-6cb65c8bff-7zkbb in namespace default

PostgreSQL Database directory appears to contain a database; Skipping initialization

2024-07-06 06:03:20.881 UTC [1] LOG:  starting PostgreSQL 16.3 (Debian 16.3-1.pgdg120+1) on x86_64-pc-linux-gnu, compiled by gcc (Debian 12.2.0-14) 12.2.0, 64-bit
2024-07-06 06:03:20.882 UTC [1] LOG:  listening on IPv4 address "0.0.0.0", port 5432
2024-07-06 06:03:20.882 UTC [1] LOG:  listening on IPv6 address "::", port 5432
2024-07-06 06:03:20.891 UTC [1] LOG:  listening on Unix socket "/var/run/postgresql/.s.PGSQL.5432"
2024-07-06 06:03:20.901 UTC [28] LOG:  database system was interrupted; last known up at 2024-07-05 20:07:40 UTC
2024-07-06 06:03:21.814 UTC [28] LOG:  database system was not properly shut down; automatic recovery in progress
2024-07-06 06:03:21.819 UTC [28] LOG:  redo starts at 0/1BC2350
2024-07-06 06:03:21.819 UTC [28] LOG:  invalid record length at 0/1BC2438: expected at least 24, got 0
2024-07-06 06:03:21.819 UTC [28] LOG:  redo done at 0/1BC2400 system usage: CPU: user: 0.00 s, system: 0.00 s, elapsed: 0.00 s
2024-07-06 06:03:21.833 UTC [26] LOG:  checkpoint starting: end-of-recovery immediate wait
2024-07-06 06:03:21.867 UTC [26] LOG:  checkpoint complete: wrote 3 buffers (0.0%); 0 WAL file(s) added, 0 removed, 0 recycled; write=0.009 s, sync=0.004 s, total=0.040 s; sync files=2, longest=0.002 s, average=0.002 s; distance=0 kB, estimate=0 kB; lsn=0/1BC2438, redo lsn=0/1BC2438
2024-07-06 06:03:21.879 UTC [1] LOG:  database system is ready to accept connections
Logging from container postgres in pod postgres-6cb65c8bff-7zkbb in namespace default

PostgreSQL Database directory appears to contain a database; Skipping initialization

2024-07-06 06:03:20.881 UTC [1] LOG:  starting PostgreSQL 16.3 (Debian 16.3-1.pgdg120+1) on x86_64-pc-linux-gnu, compiled by gcc (Debian 12.2.0-14) 12.2.0, 64-bit
2024-07-06 06:03:20.882 UTC [1] LOG:  listening on IPv4 address "0.0.0.0", port 5432
2024-07-06 06:03:20.882 UTC [1] LOG:  listening on IPv6 address "::", port 5432
2024-07-06 06:03:20.891 UTC [1] LOG:  listening on Unix socket "/var/run/postgresql/.s.PGSQL.5432"
2024-07-06 06:03:20.901 UTC [28] LOG:  database system was interrupted; last known up at 2024-07-05 20:07:40 UTC
2024-07-06 06:03:21.814 UTC [28] LOG:  database system was not properly shut down; automatic recovery in progress
2024-07-06 06:03:21.819 UTC [28] LOG:  redo starts at 0/1BC2350
2024-07-06 06:03:21.819 UTC [28] LOG:  invalid record length at 0/1BC2438: expected at least 24, got 0
2024-07-06 06:03:21.819 UTC [28] LOG:  redo done at 0/1BC2400 system usage: CPU: user: 0.00 s, system: 0.00 s, elapsed: 0.00 s
2024-07-06 06:03:21.833 UTC [26] LOG:  checkpoint starting: end-of-recovery immediate wait
2024-07-06 06:03:21.867 UTC [26] LOG:  checkpoint complete: wrote 3 buffers (0.0%); 0 WAL file(s) added, 0 removed, 0 recycled; write=0.009 s, sync=0.004 s, total=0.040 s; sync files=2, longest=0.002 s, average=0.002 s; distance=0 kB, estimate=0 kB; lsn=0/1BC2438, redo lsn=0/1BC2438
2024-07-06 06:03:21.879 UTC [1] LOG:  database system is ready to accept connections
Logging from pod frontend-deployment-59cfb65b7-h66j6 in namespace default
/docker-entrypoint.sh: /docker-entrypoint.d/ is not empty, will attempt to perform configuration
/docker-entrypoint.sh: Looking for shell scripts in /docker-entrypoint.d/
/docker-entrypoint.sh: Launching /docker-entrypoint.d/10-listen-on-ipv6-by-default.sh
10-listen-on-ipv6-by-default.sh: info: Getting the checksum of /etc/nginx/conf.d/default.conf
10-listen-on-ipv6-by-default.sh: info: Enabled listen on IPv6 in /etc/nginx/conf.d/default.conf
/docker-entrypoint.sh: Sourcing /docker-entrypoint.d/15-local-resolvers.envsh
/docker-entrypoint.sh: Launching /docker-entrypoint.d/20-envsubst-on-templates.sh
/docker-entrypoint.sh: Launching /docker-entrypoint.d/30-tune-worker-processes.sh
/docker-entrypoint.sh: Configuration complete; ready for start up
Logging from container frontend in pod frontend-deployment-59cfb65b7-h66j6 in namespace default
/docker-entrypoint.sh: /docker-entrypoint.d/ is not empty, will attempt to perform configuration
/docker-entrypoint.sh: Looking for shell scripts in /docker-entrypoint.d/
/docker-entrypoint.sh: Launching /docker-entrypoint.d/10-listen-on-ipv6-by-default.sh
10-listen-on-ipv6-by-default.sh: info: Getting the checksum of /etc/nginx/conf.d/default.conf
10-listen-on-ipv6-by-default.sh: info: Enabled listen on IPv6 in /etc/nginx/conf.d/default.conf
/docker-entrypoint.sh: Sourcing /docker-entrypoint.d/15-local-resolvers.envsh
/docker-entrypoint.sh: Launching /docker-entrypoint.d/20-envsubst-on-templates.sh
/docker-entrypoint.sh: Launching /docker-entrypoint.d/30-tune-worker-processes.sh
/docker-entrypoint.sh: Configuration complete; ready for start up
Logging from pod frontend-deployment-59cfb65b7-g7xkp in namespace default
/docker-entrypoint.sh: /docker-entrypoint.d/ is not empty, will attempt to perform configuration
/docker-entrypoint.sh: Looking for shell scripts in /docker-entrypoint.d/
/docker-entrypoint.sh: Launching /docker-entrypoint.d/10-listen-on-ipv6-by-default.sh
10-listen-on-ipv6-by-default.sh: info: Getting the checksum of /etc/nginx/conf.d/default.conf
10-listen-on-ipv6-by-default.sh: info: Enabled listen on IPv6 in /etc/nginx/conf.d/default.conf
/docker-entrypoint.sh: Sourcing /docker-entrypoint.d/15-local-resolvers.envsh
/docker-entrypoint.sh: Launching /docker-entrypoint.d/20-envsubst-on-templates.sh
/docker-entrypoint.sh: Launching /docker-entrypoint.d/30-tune-worker-processes.sh
/docker-entrypoint.sh: Configuration complete; ready for start up
10.42.0.1 - - [06/Jul/2024:10:39:40 +0000] "GET /api/getlabels HTTP/1.1" 500 53 "-" "Mozilla/5.0 (Windows NT 10.0; Win64; x64) AppleWebKit/537.36 (KHTML, like Gecko) Chrome/126.0.0.0 Safari/537.36"
10.42.0.1 - - [06/Jul/2024:10:39:43 +0000] "GET /api/getlabels HTTP/1.1" 500 53 "-" "Mozilla/5.0 (Windows NT 10.0; Win64; x64) AppleWebKit/537.36 (KHTML, like Gecko) Chrome/126.0.0.0 Safari/537.36"
Logging from container frontend in pod frontend-deployment-59cfb65b7-g7xkp in namespace default
/docker-entrypoint.sh: /docker-entrypoint.d/ is not empty, will attempt to perform configuration
/docker-entrypoint.sh: Looking for shell scripts in /docker-entrypoint.d/
/docker-entrypoint.sh: Launching /docker-entrypoint.d/10-listen-on-ipv6-by-default.sh
10-listen-on-ipv6-by-default.sh: info: Getting the checksum of /etc/nginx/conf.d/default.conf
10-listen-on-ipv6-by-default.sh: info: Enabled listen on IPv6 in /etc/nginx/conf.d/default.conf
/docker-entrypoint.sh: Sourcing /docker-entrypoint.d/15-local-resolvers.envsh
/docker-entrypoint.sh: Launching /docker-entrypoint.d/20-envsubst-on-templates.sh
/docker-entrypoint.sh: Launching /docker-entrypoint.d/30-tune-worker-processes.sh
/docker-entrypoint.sh: Configuration complete; ready for start up
10.42.0.1 - - [06/Jul/2024:10:39:40 +0000] "GET /api/getlabels HTTP/1.1" 500 53 "-" "Mozilla/5.0 (Windows NT 10.0; Win64; x64) AppleWebKit/537.36 (KHTML, like Gecko) Chrome/126.0.0.0 Safari/537.36"
10.42.0.1 - - [06/Jul/2024:10:39:43 +0000] "GET /api/getlabels HTTP/1.1" 500 53 "-" "Mozilla/5.0 (Windows NT 10.0; Win64; x64) AppleWebKit/537.36 (KHTML, like Gecko) Chrome/126.0.0.0 Safari/537.36"
Logging from pod backend-deployment-787d99bf76-9pxmr in namespace default
Labels already exist.
 * Serving Flask app 'run.py'
 * Debug mode: off
INFO:werkzeug:[31m[1mWARNING: This is a development server. Do not use it in a production deployment. Use a production WSGI server instead.[0m
 * Running on all addresses (0.0.0.0)
 * Running on http://127.0.0.1:5000
 * Running on http://10.42.0.221:5000
INFO:werkzeug:[33mPress CTRL+C to quit[0m
INFO:root:Initial DataFrame:      id                     name  parent_id
0    85                INKOMSTEN        NaN
1    86                  Salaris       85.0
2    87                 UITGAVEN        NaN
3    88             VASTE LASTEN       87.0
4    89                     Huis       88.0
5    90                     Huur       89.0
6    91             Gas + Stroom       89.0
7    92            Lokale lasten       88.0
8    93        Hoogheemraadschap       92.0
9    94            Verzekeringen       88.0
10   95          Zorgverzekering       94.0
11   97                 Inboedel       94.0
12   98  HUISHOUDELIJKE UITGAVEN       87.0
13   99                  Zakgeld       98.0
14  100             Boodschappen       98.0
15  101                 Kinderen       98.0
16  102                     Auto       98.0
17  103                  Overige       98.0
18  104     RESERVERINGSUITGAVEN       87.0
19  105                 Bruiloft      104.0
ERROR:root:An error occurred: Must specify a fill 'value' or 'method'.
INFO:werkzeug:10.42.0.222 - - [06/Jul/2024 10:39:40] "[35m[1mGET /api/getlabels HTTP/1.0[0m" 500 -
Logging from container backend in pod backend-deployment-787d99bf76-9pxmr in namespace default
Labels already exist.
 * Serving Flask app 'run.py'
 * Debug mode: off
INFO:werkzeug:[31m[1mWARNING: This is a development server. Do not use it in a production deployment. Use a production WSGI server instead.[0m
 * Running on all addresses (0.0.0.0)
 * Running on http://127.0.0.1:5000
 * Running on http://10.42.0.221:5000
INFO:werkzeug:[33mPress CTRL+C to quit[0m
INFO:root:Initial DataFrame:      id                     name  parent_id
0    85                INKOMSTEN        NaN
1    86                  Salaris       85.0
2    87                 UITGAVEN        NaN
3    88             VASTE LASTEN       87.0
4    89                     Huis       88.0
5    90                     Huur       89.0
6    91             Gas + Stroom       89.0
7    92            Lokale lasten       88.0
8    93        Hoogheemraadschap       92.0
9    94            Verzekeringen       88.0
10   95          Zorgverzekering       94.0
11   97                 Inboedel       94.0
12   98  HUISHOUDELIJKE UITGAVEN       87.0
13   99                  Zakgeld       98.0
14  100             Boodschappen       98.0
15  101                 Kinderen       98.0
16  102                     Auto       98.0
17  103                  Overige       98.0
18  104     RESERVERINGSUITGAVEN       87.0
19  105                 Bruiloft      104.0
ERROR:root:An error occurred: Must specify a fill 'value' or 'method'.
INFO:werkzeug:10.42.0.222 - - [06/Jul/2024 10:39:40] "[35m[1mGET /api/getlabels HTTP/1.0[0m" 500 -
Logging from pod backend-deployment-787d99bf76-9jkmx in namespace default
Labels already exist.
 * Serving Flask app 'run.py'
 * Debug mode: off
INFO:werkzeug:[31m[1mWARNING: This is a development server. Do not use it in a production deployment. Use a production WSGI server instead.[0m
 * Running on all addresses (0.0.0.0)
 * Running on http://127.0.0.1:5000
 * Running on http://10.42.0.220:5000
INFO:werkzeug:[33mPress CTRL+C to quit[0m
INFO:root:Initial DataFrame:      id                     name  parent_id
0    85                INKOMSTEN        NaN
1    86                  Salaris       85.0
2    87                 UITGAVEN        NaN
3    88             VASTE LASTEN       87.0
4    89                     Huis       88.0
5    90                     Huur       89.0
6    91             Gas + Stroom       89.0
7    92            Lokale lasten       88.0
8    93        Hoogheemraadschap       92.0
9    94            Verzekeringen       88.0
10   95          Zorgverzekering       94.0
11   97                 Inboedel       94.0
12   98  HUISHOUDELIJKE UITGAVEN       87.0
13   99                  Zakgeld       98.0
14  100             Boodschappen       98.0
15  101                 Kinderen       98.0
16  102                     Auto       98.0
17  103                  Overige       98.0
18  104     RESERVERINGSUITGAVEN       87.0
19  105                 Bruiloft      104.0
ERROR:root:An error occurred: Must specify a fill 'value' or 'method'.
INFO:werkzeug:10.42.0.222 - - [06/Jul/2024 10:39:43] "[35m[1mGET /api/getlabels HTTP/1.0[0m" 500 -
Logging from container backend in pod backend-deployment-787d99bf76-9jkmx in namespace default
Labels already exist.
 * Serving Flask app 'run.py'
 * Debug mode: off
INFO:werkzeug:[31m[1mWARNING: This is a development server. Do not use it in a production deployment. Use a production WSGI server instead.[0m
 * Running on all addresses (0.0.0.0)
 * Running on http://127.0.0.1:5000
 * Running on http://10.42.0.220:5000
INFO:werkzeug:[33mPress CTRL+C to quit[0m
INFO:root:Initial DataFrame:      id                     name  parent_id
0    85                INKOMSTEN        NaN
1    86                  Salaris       85.0
2    87                 UITGAVEN        NaN
3    88             VASTE LASTEN       87.0
4    89                     Huis       88.0
5    90                     Huur       89.0
6    91             Gas + Stroom       89.0
7    92            Lokale lasten       88.0
8    93        Hoogheemraadschap       92.0
9    94            Verzekeringen       88.0
10   95          Zorgverzekering       94.0
11   97                 Inboedel       94.0
12   98  HUISHOUDELIJKE UITGAVEN       87.0
13   99                  Zakgeld       98.0
14  100             Boodschappen       98.0
15  101                 Kinderen       98.0
16  102                     Auto       98.0
17  103                  Overige       98.0
18  104     RESERVERINGSUITGAVEN       87.0
19  105                 Bruiloft      104.0
ERROR:root:An error occurred: Must specify a fill 'value' or 'method'.
INFO:werkzeug:10.42.0.222 - - [06/Jul/2024 10:39:43] "[35m[1mGET /api/getlabels HTTP/1.0[0m" 500 -
